<?xml version="1.0" encoding="UTF-8"?>
<!-- Generated by org.testng.reporters.JUnitXMLReporter -->
<testsuite ignored="0" hostname="AmaniALQarni" failures="3" tests="10" name="TestNGPOM" time="24.073" errors="0" timestamp="٢٠٢٥-٠٩-٣٠T١١:٥٣:٠٨ AST">
  <testcase classname="tests.C16_ExtentReportsWithListeners" name="test01" time="17.593">
    <skipped/>
  </testcase> <!-- test01 -->
  <testcase classname="tests.C16_ExtentReportsWithListeners" name="test01" time="0.684">
    <skipped/>
  </testcase> <!-- test01 -->
  <testcase classname="tests.C16_ExtentReportsWithListeners" name="test01" time="0.771">
    <failure type="java.lang.NullPointerException" message="Cannot invoke &amp;quot;pages.SLProductsPage.sortProducts(int)&amp;quot; because the return value of &amp;quot;pages.SLLoginPage.assertLogin()&amp;quot; is null">
      <![CDATA[java.lang.NullPointerException: Cannot invoke "pages.SLProductsPage.sortProducts(int)" because the return value of "pages.SLLoginPage.assertLogin()" is null
at tests.C16_ExtentReportsWithListeners.test01(C16_ExtentReportsWithListeners.java:29)
at java.base/java.util.ArrayList.forEach(ArrayList.java:1596)
at com.intellij.rt.testng.IDEARemoteTestNG.run(IDEARemoteTestNG.java:65)
at com.intellij.rt.testng.RemoteTestNGStarter.main(RemoteTestNGStarter.java:105)
... Removed 22 stack frames]]>
    </failure>
  </testcase> <!-- test01 -->
  <testcase classname="tests.C16_ExtentReportsWithListeners" name="test02" time="0.38">
    <skipped/>
  </testcase> <!-- test02 -->
  <testcase classname="tests.C16_ExtentReportsWithListeners" name="test02" time="0.49">
    <skipped/>
  </testcase> <!-- test02 -->
  <testcase classname="tests.C16_ExtentReportsWithListeners" name="test02" time="0.349">
    <failure type="java.lang.NullPointerException" message="Cannot invoke &amp;quot;pages.SLProductsPage.sortProducts(int)&amp;quot; because the return value of &amp;quot;pages.SLLoginPage.assertLogin()&amp;quot; is null">
      <![CDATA[java.lang.NullPointerException: Cannot invoke "pages.SLProductsPage.sortProducts(int)" because the return value of "pages.SLLoginPage.assertLogin()" is null
at tests.C16_ExtentReportsWithListeners.test02(C16_ExtentReportsWithListeners.java:46)
at java.base/java.util.ArrayList.forEach(ArrayList.java:1596)
at com.intellij.rt.testng.IDEARemoteTestNG.run(IDEARemoteTestNG.java:65)
at com.intellij.rt.testng.RemoteTestNGStarter.main(RemoteTestNGStarter.java:105)
... Removed 22 stack frames]]>
    </failure>
  </testcase> <!-- test02 -->
  <testcase classname="tests.C16_ExtentReportsWithListeners" name="test03" time="0.38">
    <skipped/>
  </testcase> <!-- test03 -->
  <testcase classname="tests.C16_ExtentReportsWithListeners" name="test03" time="0.271">
    <skipped/>
  </testcase> <!-- test03 -->
  <testcase classname="tests.C16_ExtentReportsWithListeners" name="test03" time="0.305">
    <failure type="java.lang.NullPointerException" message="Cannot invoke &amp;quot;pages.SLProductsPage.sortProducts(int)&amp;quot; because the return value of &amp;quot;pages.SLLoginPage.assertLogin()&amp;quot; is null">
      <![CDATA[java.lang.NullPointerException: Cannot invoke "pages.SLProductsPage.sortProducts(int)" because the return value of "pages.SLLoginPage.assertLogin()" is null
at tests.C16_ExtentReportsWithListeners.test03(C16_ExtentReportsWithListeners.java:63)
at java.base/java.util.ArrayList.forEach(ArrayList.java:1596)
at com.intellij.rt.testng.IDEARemoteTestNG.run(IDEARemoteTestNG.java:65)
at com.intellij.rt.testng.RemoteTestNGStarter.main(RemoteTestNGStarter.java:105)
... Removed 22 stack frames]]>
    </failure>
  </testcase> <!-- test03 -->
  <testcase classname="tests.C16_ExtentReportsWithListeners" name="test04" time="0.005">
    <skipped/>
  </testcase> <!-- test04 -->
</testsuite> <!-- TestNGPOM -->
