<?xml version="1.0" encoding="UTF-8"?>
<!-- Generated by org.testng.reporters.JUnitXMLReporter -->
<testsuite ignored="0" hostname="AmaniALQarni" failures="0" tests="5" name="TestNGPOM" time="56.159" errors="0" timestamp="٢٠٢٥-٠٩-٢٩T١٥:٥٩:٤٣ AST">
  <testcase classname="Task.AmazonSearchParallelTest" name="amazonSearchTest" time="25.699"/>
  <testcase classname="Task.AmazonSearchParallelTest" name="amazonSearchTest" time="51.466"/>
  <testcase classname="Task.AmazonSearchParallelTest" name="amazonSearchTest" time="53.82"/>
  <testcase classname="Task.AmazonSearchParallelTest" name="amazonSearchTest" time="53.974"/>
  <testcase classname="Task.AmazonSearchParallelTest" name="amazonSearchTest" time="56.02"/>
</testsuite> <!-- TestNGPOM -->
