<?xml version="1.0" encoding="UTF-8"?>
<!-- Generated by org.testng.reporters.JUnitXMLReporter -->
<testsuite ignored="0" hostname="AmaniALQarni" failures="0" tests="7" name="AmazonSearchParallel" time="192.336" errors="0" timestamp="٢٠٢٥-٠٩-٢٩T١٥:٣٥:٢١ AST">
  <testcase classname="Task.AmazonSearchParallelTest" name="amazonSearchTest" time="25.774">
    <skipped/>
  </testcase> <!-- amazonSearchTest -->
  <testcase classname="Task.AmazonSearchParallelTest" name="amazonSearchTest" time="27.864"/>
  <testcase classname="Task.AmazonSearchParallelTest" name="amazonSearchTest" time="14.782"/>
  <testcase classname="Task.AmazonSearchParallelTest" name="amazonSearchTest" time="21.621"/>
  <testcase classname="Task.AmazonSearchParallelTest" name="amazonSearchTest" time="23.149">
    <skipped/>
  </testcase> <!-- amazonSearchTest -->
  <testcase classname="Task.AmazonSearchParallelTest" name="amazonSearchTest" time="21.349"/>
  <testcase classname="Task.AmazonSearchParallelTest" name="amazonSearchTest" time="166.389"/>
</testsuite> <!-- AmazonSearchParallel -->
