<?xml version="1.0" encoding="UTF-8"?>
<testng-results ignored="0" total="1" passed="1" failed="0" skipped="0">
  <reporter-output>
  </reporter-output>
  <suite started-at="٢٠٢٥-١٠-٠١T٠٩:٣١:٥٤ AST" name="Default Suite" finished-at="٢٠٢٥-١٠-٠١T٠٩:٣٢:٠٥ AST" duration-ms="11152">
    <groups>
    </groups>
    <test started-at="٢٠٢٥-١٠-٠١T٠٩:٣١:٥٤ AST" name="TestNGPOM" finished-at="٢٠٢٥-١٠-٠١T٠٩:٣٢:٠٥ AST" duration-ms="11152">
      <class name="tests.C18_OHRMLogin">
        <test-method signature="positiveTest()[pri:0, instance:tests.C18_OHRMLogin@7205765b]" started-at="٢٠٢٥-١٠-٠١T٠٩:٣١:٥٤ AST" name="positiveTest" finished-at="٢٠٢٥-١٠-٠١T٠٩:٣٢:٠٥ AST" duration-ms="10404" status="PASS">
          <reporter-output>
          </reporter-output>
        </test-method> <!-- positiveTest -->
      </class> <!-- tests.C18_OHRMLogin -->
    </test> <!-- TestNGPOM -->
  </suite> <!-- Default Suite -->
</testng-results>
